01:08:35 DEBUG : Logs will be stored at 'C:/devWorks/DTMF/AudioProcessing_EVS/DTMF/IDE.log'.
01:08:41 INFO  : Launching XSCT server: xsct.bat -n  -interactive C:\devWorks\DTMF\AudioProcessing_EVS\DTMF\temp_xsdb_launch_script.tcl
01:08:41 INFO  : Platform repository initialization has completed.
01:08:41 INFO  : Registering command handlers for Vitis TCF services
01:08:42 ERROR : (XSDB Server)'\gnu\microblaze\lin\bin\' is not recognized as an internal or external command,
operable program or batch file.

01:08:42 ERROR : (XSDB Server)'\gnu\microblaze\nt\bin\' is not recognized as an internal or external command,
operable program or batch file.

01:08:42 ERROR : (XSDB Server)'\gnuwin\bin\' is not recognized as an internal or external command,
operable program or batch file.

01:08:47 INFO  : XSCT server has started successfully.
01:08:47 INFO  : Successfully done setting XSCT server connection channel  
01:08:48 INFO  : plnx-install-location is set to ''
01:08:48 INFO  : Successfully done setting workspace for the tool. 
01:08:48 INFO  : Successfully done query RDI_DATADIR 
01:09:44 INFO  : Result from executing command 'getProjects': AudioProcessing2
01:09:44 INFO  : Result from executing command 'getPlatforms': 
01:09:44 WARN  : An unexpected exception occurred in the module 'platform project logging'
01:09:45 INFO  : Platform 'AudioProcessing2' is added to custom repositories.
01:10:04 INFO  : Platform 'AudioProcessing2' is added to custom repositories.
01:10:50 INFO  : Result from executing command 'getProjects': AudioProcessing2
01:10:50 INFO  : Result from executing command 'getPlatforms': AudioProcessing2|C:/devWorks/DTMF/AudioProcessing_EVS/DTMF/AudioProcessing2/export/AudioProcessing2/AudioProcessing2.xpfm
01:10:51 INFO  : Checking for BSP changes to sync application flags for project 'DTMF_app'...
01:11:03 INFO  : Connected to target on host '127.0.0.1' and port '3121'.
01:11:04 INFO  : Jtag cable 'Xilinx HW-FTDI-TEST FT2232H 1234-tulA' is selected.
01:11:04 INFO  : 'jtag frequency' command is executed.
01:11:04 INFO  : 'targets -set -filter {jtag_cable_name =~ "Xilinx HW-FTDI-TEST FT2232H 1234-tulA" && level==0 && jtag_device_ctx=="jsn-HW-FTDI-TEST FT2232H-1234-tulA-23727093-0"}' command is executed.
01:11:07 INFO  : Device configured successfully with "C:/devWorks/DTMF/AudioProcessing_EVS/DTMF/DTMF_app/_ide/bitstream/AudioProcessing2.bit"
01:11:07 INFO  : Context for 'APU' is selected.
01:11:07 INFO  : Hardware design and registers information is loaded from 'C:/devWorks/DTMF/AudioProcessing_EVS/DTMF/AudioProcessing2/export/AudioProcessing2/hw/AudioProcessing2.xsa'.
01:11:07 INFO  : 'configparams force-mem-access 1' command is executed.
01:11:07 INFO  : Context for 'APU' is selected.
01:11:07 INFO  : 'stop' command is executed.
01:11:07 INFO  : Context for processor 'ps7_cortexa9_0' is selected.
01:11:07 INFO  : Processor reset is completed for 'ps7_cortexa9_0'.
01:11:07 INFO  : The application 'C:/devWorks/DTMF/AudioProcessing_EVS/DTMF/AudioProcessing2/export/AudioProcessing2/sw/AudioProcessing2/boot/fsbl.elf' is downloaded to processor 'ps7_cortexa9_0'.
01:11:08 INFO  : 'set bp_11_7_fsbl_bp [bpadd -addr &XFsbl_Exit]' command is executed.
01:12:08 WARN  : Exit breakpoint of FSBL (XFsbl_Exit) is not hit within allocated wait time of '60' seconds.
Note: To wait for a fixed amount of time specify the FSBL function as empty in launch configuration. Use 'IDE_FSBL_BP_HIT_WAIT_TIME' environment variable in launch configuration to modify the wait time (seconds).
Reason: timeout: target has not halted
01:12:08 INFO  : Connected to target on host '127.0.0.1' and port '3121'.
01:12:08 INFO  : 'bpremove $bp_11_7_fsbl_bp' command is executed.
01:12:08 INFO  : Jtag cable 'Xilinx HW-FTDI-TEST FT2232H 1234-tulA' is selected.
01:12:08 INFO  : 'jtag frequency' command is executed.
01:12:09 INFO  : 'targets -set -filter {jtag_cable_name =~ "Xilinx HW-FTDI-TEST FT2232H 1234-tulA" && level==0 && jtag_device_ctx=="jsn-HW-FTDI-TEST FT2232H-1234-tulA-23727093-0"}' command is executed.
01:12:11 INFO  : Device configured successfully with "C:/devWorks/DTMF/AudioProcessing_EVS/DTMF/DTMF_app/_ide/bitstream/AudioProcessing2.bit"
01:12:11 INFO  : Context for 'APU' is selected.
01:12:11 INFO  : Hardware design and registers information is loaded from 'C:/devWorks/DTMF/AudioProcessing_EVS/DTMF/AudioProcessing2/export/AudioProcessing2/hw/AudioProcessing2.xsa'.
01:12:11 INFO  : 'configparams force-mem-access 1' command is executed.
01:12:11 INFO  : Context for 'APU' is selected.
01:12:11 INFO  : 'stop' command is executed.
01:12:11 INFO  : Context for processor 'ps7_cortexa9_0' is selected.
01:12:11 INFO  : Processor reset is completed for 'ps7_cortexa9_0'.
01:12:11 INFO  : The application 'C:/devWorks/DTMF/AudioProcessing_EVS/DTMF/AudioProcessing2/export/AudioProcessing2/sw/AudioProcessing2/boot/fsbl.elf' is downloaded to processor 'ps7_cortexa9_0'.
01:12:12 INFO  : 'set bp_12_11_fsbl_bp [bpadd -addr &XFsbl_Exit]' command is executed.
01:12:48 WARN  : Exit breakpoint of FSBL (XFsbl_Exit) is not hit within allocated wait time of '60' seconds.
Note: To wait for a fixed amount of time specify the FSBL function as empty in launch configuration. Use 'IDE_FSBL_BP_HIT_WAIT_TIME' environment variable in launch configuration to modify the wait time (seconds).
Reason: 'con -block -timeout 60' is cancelled.
01:12:48 INFO  : ----------------XSDB Script----------------
connect -url tcp:127.0.0.1:3121
targets -set -filter {jtag_cable_name =~ "Xilinx HW-FTDI-TEST FT2232H 1234-tulA" && level==0 && jtag_device_ctx=="jsn-HW-FTDI-TEST FT2232H-1234-tulA-23727093-0"}
fpga -file C:/devWorks/DTMF/AudioProcessing_EVS/DTMF/DTMF_app/_ide/bitstream/AudioProcessing2.bit
targets -set -nocase -filter {name =~"APU*"}
loadhw -hw C:/devWorks/DTMF/AudioProcessing_EVS/DTMF/AudioProcessing2/export/AudioProcessing2/hw/AudioProcessing2.xsa -mem-ranges [list {0x40000000 0xbfffffff}] -regs
configparams force-mem-access 1
targets -set -nocase -filter {name =~"APU*"}
stop
targets -set -nocase -filter {name =~ "*A9*#0"}
rst -processor
dow C:/devWorks/DTMF/AudioProcessing_EVS/DTMF/AudioProcessing2/export/AudioProcessing2/sw/AudioProcessing2/boot/fsbl.elf
set bp_12_11_fsbl_bp [bpadd -addr &XFsbl_Exit]
con -block -timeout 60
bpremove $bp_12_11_fsbl_bp
----------------End of Script----------------

01:12:48 ERROR : 'configparams force-mem-access 0' is cancelled.
01:12:48 INFO  : ----------------XSDB Script----------------
connect -url tcp:127.0.0.1:3121
targets -set -filter {jtag_cable_name =~ "Xilinx HW-FTDI-TEST FT2232H 1234-tulA" && level==0 && jtag_device_ctx=="jsn-HW-FTDI-TEST FT2232H-1234-tulA-23727093-0"}
fpga -file C:/devWorks/DTMF/AudioProcessing_EVS/DTMF/DTMF_app/_ide/bitstream/AudioProcessing2.bit
targets -set -nocase -filter {name =~"APU*"}
loadhw -hw C:/devWorks/DTMF/AudioProcessing_EVS/DTMF/AudioProcessing2/export/AudioProcessing2/hw/AudioProcessing2.xsa -mem-ranges [list {0x40000000 0xbfffffff}] -regs
configparams force-mem-access 1
targets -set -nocase -filter {name =~"APU*"}
stop
targets -set -nocase -filter {name =~ "*A9*#0"}
rst -processor
dow C:/devWorks/DTMF/AudioProcessing_EVS/DTMF/AudioProcessing2/export/AudioProcessing2/sw/AudioProcessing2/boot/fsbl.elf
set bp_11_7_fsbl_bp [bpadd -addr &XFsbl_Exit]
con -block -timeout 60
bpremove $bp_11_7_fsbl_bp
configparams force-mem-access 0
----------------End of Script----------------

01:13:16 DEBUG : Logs will be stored at 'C:/devWorks/DTMF/AudioProcessing_EVS/DTMF/IDE.log'.
01:13:17 INFO  : Launching XSCT server: xsct.bat -n  -interactive C:\devWorks\DTMF\AudioProcessing_EVS\DTMF\temp_xsdb_launch_script.tcl
01:13:18 ERROR : (XSDB Server)'\gnu\microblaze\lin\bin\' is not recognized as an internal or external command,
operable program or batch file.

01:13:18 ERROR : (XSDB Server)'\gnu\microblaze\nt\bin\' is not recognized as an internal or external command,
operable program or batch file.

01:13:18 ERROR : (XSDB Server)'\gnuwin\bin\' is not recognized as an internal or external command,
operable program or batch file.

01:13:23 INFO  : XSCT server has started successfully.
01:13:23 INFO  : plnx-install-location is set to ''
01:13:23 INFO  : Successfully done setting XSCT server connection channel  
01:13:23 INFO  : Successfully done setting workspace for the tool. 
01:13:25 INFO  : Platform repository initialization has completed.
01:13:26 INFO  : Successfully done query RDI_DATADIR 
01:13:26 INFO  : Registering command handlers for Vitis TCF services
01:14:24 INFO  : Checking for BSP changes to sync application flags for project 'DTMF_app'...
01:14:51 INFO  : Connected to target on host '127.0.0.1' and port '3121'.
01:14:52 INFO  : Jtag cable 'Xilinx HW-FTDI-TEST FT2232H 1234-tulA' is selected.
01:14:52 INFO  : 'jtag frequency' command is executed.
01:14:52 INFO  : Context for 'APU' is selected.
01:14:52 INFO  : System reset is completed.
01:14:55 INFO  : 'after 3000' command is executed.
01:14:55 INFO  : 'targets -set -filter {jtag_cable_name =~ "Xilinx HW-FTDI-TEST FT2232H 1234-tulA" && level==0 && jtag_device_ctx=="jsn-HW-FTDI-TEST FT2232H-1234-tulA-23727093-0"}' command is executed.
01:14:58 INFO  : Device configured successfully with "C:/devWorks/DTMF/AudioProcessing_EVS/DTMF/DTMF_app/_ide/bitstream/AudioProcessing2.bit"
01:14:58 INFO  : Context for 'APU' is selected.
01:14:58 INFO  : Hardware design and registers information is loaded from 'C:/devWorks/DTMF/AudioProcessing_EVS/DTMF/AudioProcessing2/export/AudioProcessing2/hw/AudioProcessing2.xsa'.
01:14:58 INFO  : 'configparams force-mem-access 1' command is executed.
01:14:58 INFO  : Context for 'APU' is selected.
01:14:58 INFO  : Sourcing of 'C:/devWorks/DTMF/AudioProcessing_EVS/DTMF/DTMF_app/_ide/psinit/ps7_init.tcl' is done.
01:14:59 INFO  : 'ps7_init' command is executed.
01:14:59 INFO  : 'ps7_post_config' command is executed.
01:14:59 INFO  : Context for processor 'ps7_cortexa9_0' is selected.
01:14:59 INFO  : The application 'C:/devWorks/DTMF/AudioProcessing_EVS/DTMF/DTMF_app/Debug/DTMF_app.elf' is downloaded to processor 'ps7_cortexa9_0'.
01:14:59 INFO  : 'configparams force-mem-access 0' command is executed.
01:14:59 INFO  : ----------------XSDB Script----------------
connect -url tcp:127.0.0.1:3121
targets -set -nocase -filter {name =~"APU*"}
rst -system
after 3000
targets -set -filter {jtag_cable_name =~ "Xilinx HW-FTDI-TEST FT2232H 1234-tulA" && level==0 && jtag_device_ctx=="jsn-HW-FTDI-TEST FT2232H-1234-tulA-23727093-0"}
fpga -file C:/devWorks/DTMF/AudioProcessing_EVS/DTMF/DTMF_app/_ide/bitstream/AudioProcessing2.bit
targets -set -nocase -filter {name =~"APU*"}
loadhw -hw C:/devWorks/DTMF/AudioProcessing_EVS/DTMF/AudioProcessing2/export/AudioProcessing2/hw/AudioProcessing2.xsa -mem-ranges [list {0x40000000 0xbfffffff}] -regs
configparams force-mem-access 1
targets -set -nocase -filter {name =~"APU*"}
source C:/devWorks/DTMF/AudioProcessing_EVS/DTMF/DTMF_app/_ide/psinit/ps7_init.tcl
ps7_init
ps7_post_config
targets -set -nocase -filter {name =~ "*A9*#0"}
dow C:/devWorks/DTMF/AudioProcessing_EVS/DTMF/DTMF_app/Debug/DTMF_app.elf
configparams force-mem-access 0
----------------End of Script----------------

01:14:59 INFO  : Context for processor 'ps7_cortexa9_0' is selected.
01:14:59 INFO  : 'con' command is executed.
01:14:59 INFO  : ----------------XSDB Script (After Launch)----------------
targets -set -nocase -filter {name =~ "*A9*#0"}
con
----------------End of Script----------------

01:14:59 INFO  : Launch script is exported to file 'C:\devWorks\DTMF\AudioProcessing_EVS\DTMF\DTMF_app_system\_ide\scripts\debugger_dtmf_app-default.tcl'
01:17:25 INFO  : Checking for BSP changes to sync application flags for project 'DTMF_app'...
01:18:03 INFO  : Checking for BSP changes to sync application flags for project 'DTMF_app'...
01:18:14 INFO  : Checking for BSP changes to sync application flags for project 'DTMF_app'...
01:19:31 INFO  : Checking for BSP changes to sync application flags for project 'DTMF_app'...
01:20:07 INFO  : Checking for BSP changes to sync application flags for project 'DTMF_app'...
01:20:35 INFO  : Checking for BSP changes to sync application flags for project 'DTMF_app'...
01:21:21 INFO  : Result from executing command 'removePlatformRepo': 
01:22:03 INFO  : Result from executing command 'getProjects': AudioProcessing2
01:22:03 INFO  : Result from executing command 'getPlatforms': 
01:22:04 INFO  : Checking for BSP changes to sync application flags for project 'DTMF_app'...
01:22:30 INFO  : Checking for BSP changes to sync application flags for project 'DTMF_app'...
01:24:36 INFO  : Checking for BSP changes to sync application flags for project 'DTMF_app'...
01:27:06 INFO  : Disconnected from the channel tcfchan#1.
01:27:07 INFO  : Connected to target on host '127.0.0.1' and port '3121'.
01:27:16 INFO  : ----------------XSDB Script----------------
connect -url tcp:127.0.0.1:3121
----------------End of Script----------------

01:27:16 ERROR : Could not find ARM device on the board for connection 'Local'.
Check if the target is in:
1. Split JTAG - No operations are possible with ARM DAP.
2. Non JTAG bootmode - Bootrom may need time to enable DAP.
Please try again.


Troubleshooting hints:
1. Check whether board is connected to system properly.
2. In case of zynq board, check whether Digilent/Xilinx cable switch settings are correct.
3. If you are using Xilinx Platform Cable USB, ensure that status LED is green.
01:27:28 INFO  : Connected to target on host '127.0.0.1' and port '3121'.
01:27:28 INFO  : Jtag cable 'Xilinx HW-FTDI-TEST FT2232H 1234-tulA' is selected.
01:27:28 INFO  : 'jtag frequency' command is executed.
01:27:28 INFO  : Context for 'APU' is selected.
01:27:28 INFO  : System reset is completed.
01:27:31 INFO  : 'after 3000' command is executed.
01:27:31 INFO  : 'targets -set -filter {jtag_cable_name =~ "Xilinx HW-FTDI-TEST FT2232H 1234-tulA" && level==0 && jtag_device_ctx=="jsn-HW-FTDI-TEST FT2232H-1234-tulA-23727093-0"}' command is executed.
01:27:34 INFO  : Device configured successfully with "C:/devWorks/DTMF/AudioProcessing_EVS/DTMF/DTMF_app/_ide/bitstream/AudioProcessing2.bit"
01:27:34 INFO  : Context for 'APU' is selected.
01:27:39 INFO  : Hardware design and registers information is loaded from 'C:/devWorks/DTMF/AudioProcessing_EVS/DTMF/AudioProcessing2/export/AudioProcessing2/hw/AudioProcessing2.xsa'.
01:27:39 INFO  : 'configparams force-mem-access 1' command is executed.
01:27:39 INFO  : Context for 'APU' is selected.
01:27:39 INFO  : Sourcing of 'C:/devWorks/DTMF/AudioProcessing_EVS/DTMF/DTMF_app/_ide/psinit/ps7_init.tcl' is done.
01:27:40 INFO  : 'ps7_init' command is executed.
01:27:40 INFO  : 'ps7_post_config' command is executed.
01:27:40 INFO  : Context for processor 'ps7_cortexa9_0' is selected.
01:27:40 INFO  : The application 'C:/devWorks/DTMF/AudioProcessing_EVS/DTMF/DTMF_app/Debug/DTMF_app.elf' is downloaded to processor 'ps7_cortexa9_0'.
01:27:40 INFO  : 'configparams force-mem-access 0' command is executed.
01:27:40 INFO  : ----------------XSDB Script----------------
connect -url tcp:127.0.0.1:3121
targets -set -nocase -filter {name =~"APU*"}
rst -system
after 3000
targets -set -filter {jtag_cable_name =~ "Xilinx HW-FTDI-TEST FT2232H 1234-tulA" && level==0 && jtag_device_ctx=="jsn-HW-FTDI-TEST FT2232H-1234-tulA-23727093-0"}
fpga -file C:/devWorks/DTMF/AudioProcessing_EVS/DTMF/DTMF_app/_ide/bitstream/AudioProcessing2.bit
targets -set -nocase -filter {name =~"APU*"}
loadhw -hw C:/devWorks/DTMF/AudioProcessing_EVS/DTMF/AudioProcessing2/export/AudioProcessing2/hw/AudioProcessing2.xsa -mem-ranges [list {0x40000000 0xbfffffff}] -regs
configparams force-mem-access 1
targets -set -nocase -filter {name =~"APU*"}
source C:/devWorks/DTMF/AudioProcessing_EVS/DTMF/DTMF_app/_ide/psinit/ps7_init.tcl
ps7_init
ps7_post_config
targets -set -nocase -filter {name =~ "*A9*#0"}
dow C:/devWorks/DTMF/AudioProcessing_EVS/DTMF/DTMF_app/Debug/DTMF_app.elf
configparams force-mem-access 0
----------------End of Script----------------

01:27:41 INFO  : Context for processor 'ps7_cortexa9_0' is selected.
01:27:41 INFO  : 'con' command is executed.
01:27:41 INFO  : ----------------XSDB Script (After Launch)----------------
targets -set -nocase -filter {name =~ "*A9*#0"}
con
----------------End of Script----------------

01:27:41 INFO  : Launch script is exported to file 'C:\devWorks\DTMF\AudioProcessing_EVS\DTMF\DTMF_app_system\_ide\scripts\debugger_dtmf_app-default.tcl'
01:29:31 INFO  : Disconnected from the channel tcfchan#4.
01:30:06 DEBUG : Logs will be stored at 'C:/devWorks/DTMF/AudioProcessing_EVS/DTMF/IDE.log'.
01:30:08 INFO  : Launching XSCT server: xsct.bat -n  -interactive C:\devWorks\DTMF\AudioProcessing_EVS\DTMF\temp_xsdb_launch_script.tcl
01:30:08 ERROR : (XSDB Server)'\gnu\microblaze\lin\bin\' is not recognized as an internal or external command,
operable program or batch file.

01:30:08 ERROR : (XSDB Server)'\gnu\microblaze\nt\bin\' is not recognized as an internal or external command,
operable program or batch file.

01:30:08 ERROR : (XSDB Server)'\gnuwin\bin\' is not recognized as an internal or external command,
operable program or batch file.

01:30:12 INFO  : Platform repository initialization has completed.
01:30:14 INFO  : XSCT server has started successfully.
01:30:14 INFO  : plnx-install-location is set to ''
01:30:14 INFO  : Successfully done setting XSCT server connection channel  
01:30:14 INFO  : Successfully done setting workspace for the tool. 
01:30:16 INFO  : Successfully done query RDI_DATADIR 
01:30:17 INFO  : Registering command handlers for Vitis TCF services
01:30:45 INFO  : Checking for BSP changes to sync application flags for project 'DTMF_app'...
01:31:01 INFO  : Connected to target on host '127.0.0.1' and port '3121'.
01:31:02 INFO  : Jtag cable 'Xilinx HW-FTDI-TEST FT2232H 1234-tulA' is selected.
01:31:02 INFO  : 'jtag frequency' command is executed.
01:31:02 INFO  : Context for 'APU' is selected.
01:31:02 INFO  : System reset is completed.
01:31:05 INFO  : 'after 3000' command is executed.
01:31:05 INFO  : 'targets -set -filter {jtag_cable_name =~ "Xilinx HW-FTDI-TEST FT2232H 1234-tulA" && level==0 && jtag_device_ctx=="jsn-HW-FTDI-TEST FT2232H-1234-tulA-23727093-0"}' command is executed.
01:31:08 INFO  : Device configured successfully with "C:/devWorks/DTMF/AudioProcessing_EVS/DTMF/DTMF_app/_ide/bitstream/AudioProcessing2.bit"
01:31:08 INFO  : Context for 'APU' is selected.
01:31:08 INFO  : Hardware design and registers information is loaded from 'C:/devWorks/DTMF/AudioProcessing_EVS/DTMF/AudioProcessing2/export/AudioProcessing2/hw/AudioProcessing2.xsa'.
01:31:08 INFO  : 'configparams force-mem-access 1' command is executed.
01:31:08 INFO  : Context for 'APU' is selected.
01:31:08 INFO  : Sourcing of 'C:/devWorks/DTMF/AudioProcessing_EVS/DTMF/DTMF_app/_ide/psinit/ps7_init.tcl' is done.
01:31:09 INFO  : 'ps7_init' command is executed.
01:31:09 INFO  : 'ps7_post_config' command is executed.
01:31:09 INFO  : Context for processor 'ps7_cortexa9_0' is selected.
01:31:09 INFO  : The application 'C:/devWorks/DTMF/AudioProcessing_EVS/DTMF/DTMF_app/Debug/DTMF_app.elf' is downloaded to processor 'ps7_cortexa9_0'.
01:31:09 INFO  : 'configparams force-mem-access 0' command is executed.
01:31:09 INFO  : ----------------XSDB Script----------------
connect -url tcp:127.0.0.1:3121
targets -set -nocase -filter {name =~"APU*"}
rst -system
after 3000
targets -set -filter {jtag_cable_name =~ "Xilinx HW-FTDI-TEST FT2232H 1234-tulA" && level==0 && jtag_device_ctx=="jsn-HW-FTDI-TEST FT2232H-1234-tulA-23727093-0"}
fpga -file C:/devWorks/DTMF/AudioProcessing_EVS/DTMF/DTMF_app/_ide/bitstream/AudioProcessing2.bit
targets -set -nocase -filter {name =~"APU*"}
loadhw -hw C:/devWorks/DTMF/AudioProcessing_EVS/DTMF/AudioProcessing2/export/AudioProcessing2/hw/AudioProcessing2.xsa -mem-ranges [list {0x40000000 0xbfffffff}] -regs
configparams force-mem-access 1
targets -set -nocase -filter {name =~"APU*"}
source C:/devWorks/DTMF/AudioProcessing_EVS/DTMF/DTMF_app/_ide/psinit/ps7_init.tcl
ps7_init
ps7_post_config
targets -set -nocase -filter {name =~ "*A9*#0"}
dow C:/devWorks/DTMF/AudioProcessing_EVS/DTMF/DTMF_app/Debug/DTMF_app.elf
configparams force-mem-access 0
----------------End of Script----------------

01:31:10 INFO  : Context for processor 'ps7_cortexa9_0' is selected.
01:31:10 INFO  : 'con' command is executed.
01:31:10 INFO  : ----------------XSDB Script (After Launch)----------------
targets -set -nocase -filter {name =~ "*A9*#0"}
con
----------------End of Script----------------

01:31:10 INFO  : Launch script is exported to file 'C:\devWorks\DTMF\AudioProcessing_EVS\DTMF\DTMF_app_system\_ide\scripts\debugger_dtmf_app-default.tcl'
01:32:07 INFO  : Disconnected from the channel tcfchan#1.
01:32:12 INFO  : Connected to target on host '127.0.0.1' and port '3121'.
01:32:13 INFO  : Jtag cable 'Xilinx HW-FTDI-TEST FT2232H 1234-tulA' is selected.
01:32:13 INFO  : 'jtag frequency' command is executed.
01:32:13 INFO  : Context for 'APU' is selected.
01:32:13 INFO  : System reset is completed.
01:32:16 INFO  : 'after 3000' command is executed.
01:32:16 INFO  : 'targets -set -filter {jtag_cable_name =~ "Xilinx HW-FTDI-TEST FT2232H 1234-tulA" && level==0 && jtag_device_ctx=="jsn-HW-FTDI-TEST FT2232H-1234-tulA-23727093-0"}' command is executed.
01:32:18 INFO  : Device configured successfully with "C:/devWorks/DTMF/AudioProcessing_EVS/DTMF/DTMF_app/_ide/bitstream/AudioProcessing2.bit"
01:32:18 INFO  : Context for 'APU' is selected.
01:32:24 INFO  : Hardware design and registers information is loaded from 'C:/devWorks/DTMF/AudioProcessing_EVS/DTMF/AudioProcessing2/export/AudioProcessing2/hw/AudioProcessing2.xsa'.
01:32:24 INFO  : 'configparams force-mem-access 1' command is executed.
01:32:24 INFO  : Context for 'APU' is selected.
01:32:24 INFO  : Sourcing of 'C:/devWorks/DTMF/AudioProcessing_EVS/DTMF/DTMF_app/_ide/psinit/ps7_init.tcl' is done.
01:32:25 INFO  : 'ps7_init' command is executed.
01:32:25 INFO  : 'ps7_post_config' command is executed.
01:32:25 INFO  : Context for processor 'ps7_cortexa9_0' is selected.
01:32:25 INFO  : The application 'C:/devWorks/DTMF/AudioProcessing_EVS/DTMF/DTMF_app/Debug/DTMF_app.elf' is downloaded to processor 'ps7_cortexa9_0'.
01:32:25 INFO  : 'configparams force-mem-access 0' command is executed.
01:32:25 INFO  : ----------------XSDB Script----------------
connect -url tcp:127.0.0.1:3121
targets -set -nocase -filter {name =~"APU*"}
rst -system
after 3000
targets -set -filter {jtag_cable_name =~ "Xilinx HW-FTDI-TEST FT2232H 1234-tulA" && level==0 && jtag_device_ctx=="jsn-HW-FTDI-TEST FT2232H-1234-tulA-23727093-0"}
fpga -file C:/devWorks/DTMF/AudioProcessing_EVS/DTMF/DTMF_app/_ide/bitstream/AudioProcessing2.bit
targets -set -nocase -filter {name =~"APU*"}
loadhw -hw C:/devWorks/DTMF/AudioProcessing_EVS/DTMF/AudioProcessing2/export/AudioProcessing2/hw/AudioProcessing2.xsa -mem-ranges [list {0x40000000 0xbfffffff}] -regs
configparams force-mem-access 1
targets -set -nocase -filter {name =~"APU*"}
source C:/devWorks/DTMF/AudioProcessing_EVS/DTMF/DTMF_app/_ide/psinit/ps7_init.tcl
ps7_init
ps7_post_config
targets -set -nocase -filter {name =~ "*A9*#0"}
dow C:/devWorks/DTMF/AudioProcessing_EVS/DTMF/DTMF_app/Debug/DTMF_app.elf
configparams force-mem-access 0
----------------End of Script----------------

01:32:26 INFO  : Context for processor 'ps7_cortexa9_0' is selected.
01:32:26 INFO  : 'con' command is executed.
01:32:26 INFO  : ----------------XSDB Script (After Launch)----------------
targets -set -nocase -filter {name =~ "*A9*#0"}
con
----------------End of Script----------------

01:32:26 INFO  : Launch script is exported to file 'C:\devWorks\DTMF\AudioProcessing_EVS\DTMF\DTMF_app_system\_ide\scripts\debugger_dtmf_app-default.tcl'
02:02:27 INFO  : Checking for BSP changes to sync application flags for project 'DTMF_app'...
02:09:40 INFO  : Checking for BSP changes to sync application flags for project 'DTMF_app'...
02:13:09 INFO  : Checking for BSP changes to sync application flags for project 'DTMF_app'...
02:16:24 INFO  : Disconnected from the channel tcfchan#2.
02:16:25 INFO  : Connected to target on host '127.0.0.1' and port '3121'.
02:16:34 INFO  : ----------------XSDB Script----------------
connect -url tcp:127.0.0.1:3121
----------------End of Script----------------

02:16:34 ERROR : Could not find ARM device on the board for connection 'Local'.
Check if the target is in:
1. Split JTAG - No operations are possible with ARM DAP.
2. Non JTAG bootmode - Bootrom may need time to enable DAP.
Please try again.


Troubleshooting hints:
1. Check whether board is connected to system properly.
2. In case of zynq board, check whether Digilent/Xilinx cable switch settings are correct.
3. If you are using Xilinx Platform Cable USB, ensure that status LED is green.
02:16:43 INFO  : Connected to target on host '127.0.0.1' and port '3121'.
02:16:43 INFO  : Jtag cable 'Xilinx HW-FTDI-TEST FT2232H 1234-tulA' is selected.
02:16:43 INFO  : 'jtag frequency' command is executed.
02:16:43 INFO  : Context for 'APU' is selected.
02:16:43 INFO  : System reset is completed.
02:16:46 INFO  : 'after 3000' command is executed.
02:16:46 INFO  : 'targets -set -filter {jtag_cable_name =~ "Xilinx HW-FTDI-TEST FT2232H 1234-tulA" && level==0 && jtag_device_ctx=="jsn-HW-FTDI-TEST FT2232H-1234-tulA-23727093-0"}' command is executed.
02:16:49 INFO  : Device configured successfully with "C:/devWorks/DTMF/AudioProcessing_EVS/DTMF/DTMF_app/_ide/bitstream/AudioProcessing2.bit"
02:16:49 INFO  : Context for 'APU' is selected.
02:16:54 INFO  : Hardware design and registers information is loaded from 'C:/devWorks/DTMF/AudioProcessing_EVS/DTMF/AudioProcessing2/export/AudioProcessing2/hw/AudioProcessing2.xsa'.
02:16:54 INFO  : 'configparams force-mem-access 1' command is executed.
02:16:54 INFO  : Context for 'APU' is selected.
02:16:54 INFO  : Sourcing of 'C:/devWorks/DTMF/AudioProcessing_EVS/DTMF/DTMF_app/_ide/psinit/ps7_init.tcl' is done.
02:16:54 INFO  : 'ps7_init' command is executed.
02:16:54 INFO  : 'ps7_post_config' command is executed.
02:16:54 INFO  : Context for processor 'ps7_cortexa9_0' is selected.
02:16:55 INFO  : The application 'C:/devWorks/DTMF/AudioProcessing_EVS/DTMF/DTMF_app/Debug/DTMF_app.elf' is downloaded to processor 'ps7_cortexa9_0'.
02:16:55 INFO  : 'configparams force-mem-access 0' command is executed.
02:16:55 INFO  : ----------------XSDB Script----------------
connect -url tcp:127.0.0.1:3121
targets -set -nocase -filter {name =~"APU*"}
rst -system
after 3000
targets -set -filter {jtag_cable_name =~ "Xilinx HW-FTDI-TEST FT2232H 1234-tulA" && level==0 && jtag_device_ctx=="jsn-HW-FTDI-TEST FT2232H-1234-tulA-23727093-0"}
fpga -file C:/devWorks/DTMF/AudioProcessing_EVS/DTMF/DTMF_app/_ide/bitstream/AudioProcessing2.bit
targets -set -nocase -filter {name =~"APU*"}
loadhw -hw C:/devWorks/DTMF/AudioProcessing_EVS/DTMF/AudioProcessing2/export/AudioProcessing2/hw/AudioProcessing2.xsa -mem-ranges [list {0x40000000 0xbfffffff}] -regs
configparams force-mem-access 1
targets -set -nocase -filter {name =~"APU*"}
source C:/devWorks/DTMF/AudioProcessing_EVS/DTMF/DTMF_app/_ide/psinit/ps7_init.tcl
ps7_init
ps7_post_config
targets -set -nocase -filter {name =~ "*A9*#0"}
dow C:/devWorks/DTMF/AudioProcessing_EVS/DTMF/DTMF_app/Debug/DTMF_app.elf
configparams force-mem-access 0
----------------End of Script----------------

02:16:55 INFO  : Context for processor 'ps7_cortexa9_0' is selected.
02:16:55 INFO  : 'con' command is executed.
02:16:55 INFO  : ----------------XSDB Script (After Launch)----------------
targets -set -nocase -filter {name =~ "*A9*#0"}
con
----------------End of Script----------------

02:16:55 INFO  : Launch script is exported to file 'C:\devWorks\DTMF\AudioProcessing_EVS\DTMF\DTMF_app_system\_ide\scripts\debugger_dtmf_app-default.tcl'
02:51:47 INFO  : Checking for BSP changes to sync application flags for project 'DTMF_app'...
02:54:02 INFO  : Checking for BSP changes to sync application flags for project 'DTMF_app'...
03:01:30 INFO  : Checking for BSP changes to sync application flags for project 'DTMF_app'...
03:09:48 INFO  : Disconnected from the channel tcfchan#3.
00:48:17 DEBUG : Logs will be stored at 'C:/devWorks/DTMF/AudioProcessing_EVS/DTMF/IDE.log'.
00:48:19 INFO  : Launching XSCT server: xsct.bat -n  -interactive C:\devWorks\DTMF\AudioProcessing_EVS\DTMF\temp_xsdb_launch_script.tcl
00:48:20 ERROR : (XSDB Server)'\gnu\microblaze\lin\bin\' is not recognized as an internal or external command,
operable program or batch file.

00:48:20 ERROR : (XSDB Server)'\gnu\microblaze\nt\bin\' is not recognized as an internal or external command,
operable program or batch file.

00:48:20 ERROR : (XSDB Server)'\gnuwin\bin\' is not recognized as an internal or external command,
operable program or batch file.

00:48:28 INFO  : Platform repository initialization has completed.
00:48:29 INFO  : Registering command handlers for Vitis TCF services
00:48:29 INFO  : XSCT server has started successfully.
00:48:38 INFO  : plnx-install-location is set to ''
00:48:38 INFO  : Successfully done setting XSCT server connection channel  
00:48:38 INFO  : Successfully done query RDI_DATADIR 
00:48:38 INFO  : Successfully done setting workspace for the tool. 
00:58:07 INFO  : Checking for BSP changes to sync application flags for project 'DTMF_app'...
01:06:13 INFO  : Checking for BSP changes to sync application flags for project 'DTMF_app'...
01:30:54 INFO  : Checking for BSP changes to sync application flags for project 'DTMF_app'...
01:34:23 INFO  : Checking for BSP changes to sync application flags for project 'DTMF_app'...
