02:13:09 **** Incremental Build of configuration Debug for project DTMF_app ****
make all 
make --no-print-directory pre-build
a9-linaro-pre-build-step
' '
make --no-print-directory main-build
'Building file: ../src/helloworld.c'
'Invoking: ARM v7 gcc compiler'
arm-none-eabi-gcc -Wall -O0 -g3 -c -fmessage-length=0 -MT"src/helloworld.o" -mcpu=cortex-a9 -mfpu=vfpv3 -mfloat-abi=hard -IC:/devWorks/DTMF/AudioProcessing_EVS/DTMF/AudioProcessing2/export/AudioProcessing2/sw/AudioProcessing2/standalone_ps7_cortexa9_0/bspinclude/include -MMD -MP -MF"src/helloworld.d" -MT"src/helloworld.o" -o "src/helloworld.o" "../src/helloworld.c"
../src/helloworld.c: In function 'Timer_Intr_Setup':
../src/helloworld.c:50:9: warning: variable 'Status' set but not used [-Wunused-but-set-variable]
   50 |     int Status;
      |         ^~~~~~
../src/helloworld.c: In function 'main':
../src/helloworld.c:66:9: warning: variable 'Status' set but not used [-Wunused-but-set-variable]
   66 |     int Status;
      |         ^~~~~~
'Finished building: ../src/helloworld.c'
' '
'Building file: ../src/platform.c'
'Invoking: ARM v7 gcc compiler'
arm-none-eabi-gcc -Wall -O0 -g3 -c -fmessage-length=0 -MT"src/platform.o" -mcpu=cortex-a9 -mfpu=vfpv3 -mfloat-abi=hard -IC:/devWorks/DTMF/AudioProcessing_EVS/DTMF/AudioProcessing2/export/AudioProcessing2/sw/AudioProcessing2/standalone_ps7_cortexa9_0/bspinclude/include -MMD -MP -MF"src/platform.d" -MT"src/platform.o" -o "src/platform.o" "../src/platform.c"
'Finished building: ../src/platform.c'
' '
'Building target: DTMF_app.elf'
'Invoking: ARM v7 gcc linker'
arm-none-eabi-gcc -mcpu=cortex-a9 -mfpu=vfpv3 -mfloat-abi=hard -Wl,-build-id=none -specs=Xilinx.spec -Wl,-T -Wl,../src/lscript.ld -LC:/devWorks/DTMF/AudioProcessing_EVS/DTMF/AudioProcessing2/export/AudioProcessing2/sw/AudioProcessing2/standalone_ps7_cortexa9_0/bsplib/lib -o "DTMF_app.elf"  ./src/helloworld.o ./src/platform.o   -lm -Wl,--start-group,-lxil,-lgcc,-lc,--end-group
'Finished building target: DTMF_app.elf'
' '
'Invoking: ARM v7 Print Size'
arm-none-eabi-size DTMF_app.elf  |tee "DTMF_app.elf.size"
   text	   data	    bss	    dec	    hex	filename
  34728	   1936	  22664	  59328	   e7c0	DTMF_app.elf
'Finished building: DTMF_app.elf.size'
' '

02:13:12 Build Finished (took 3s.82ms)

